D:\BOMXANHG-Z ~ FILE\GAME SDL2 DEMO\GAME SDL2 DEMO\DEBUG\BULLETOBJECT.OBJ
D:\BOMXANHG-Z ~ FILE\GAME SDL2 DEMO\GAME SDL2 DEMO\DEBUG\CHASINGROCKET.OBJ
D:\BOMXANHG-Z ~ FILE\GAME SDL2 DEMO\GAME SDL2 DEMO\DEBUG\DEATHEYEBOSS.OBJ
D:\BOMXANHG-Z ~ FILE\GAME SDL2 DEMO\GAME SDL2 DEMO\DEBUG\DESTRUCTIONTANKBOSS.OBJ
D:\BOMXANHG-Z ~ FILE\GAME SDL2 DEMO\GAME SDL2 DEMO\DEBUG\DINOTHREAT.OBJ
D:\BOMXANHG-Z ~ FILE\GAME SDL2 DEMO\GAME SDL2 DEMO\DEBUG\EFFECTOBJECT.OBJ
D:\BOMXANHG-Z ~ FILE\GAME SDL2 DEMO\GAME SDL2 DEMO\DEBUG\FUNCTIONFILE.OBJ
D:\BOMXANHG-Z ~ FILE\GAME SDL2 DEMO\GAME SDL2 DEMO\DEBUG\GAMEMAP.OBJ
D:\BOMXANHG-Z ~ FILE\GAME SDL2 DEMO\GAME SDL2 DEMO\DEBUG\GEOMITRIC.OBJ
D:\BOMXANHG-Z ~ FILE\GAME SDL2 DEMO\GAME SDL2 DEMO\DEBUG\GUARDTHREAT.OBJ
D:\BOMXANHG-Z ~ FILE\GAME SDL2 DEMO\GAME SDL2 DEMO\DEBUG\IMPTIMER.OBJ
D:\BOMXANHG-Z ~ FILE\GAME SDL2 DEMO\GAME SDL2 DEMO\DEBUG\MAIN.OBJ
D:\BOMXANHG-Z ~ FILE\GAME SDL2 DEMO\GAME SDL2 DEMO\DEBUG\PLAYEROBJECT.OBJ
D:\BOMXANHG-Z ~ FILE\GAME SDL2 DEMO\GAME SDL2 DEMO\DEBUG\MENUOBJECT.OBJ
D:\BOMXANHG-Z ~ FILE\GAME SDL2 DEMO\GAME SDL2 DEMO\DEBUG\PLAYERPOWER.OBJ
D:\BOMXANHG-Z ~ FILE\GAME SDL2 DEMO\GAME SDL2 DEMO\DEBUG\FIRERAIN.OBJ
D:\BOMXANHG-Z ~ FILE\GAME SDL2 DEMO\GAME SDL2 DEMO\DEBUG\ROCKETWARDENBOSS.OBJ
D:\BOMXANHG-Z ~ FILE\GAME SDL2 DEMO\GAME SDL2 DEMO\DEBUG\ROCKTITANBOSS.OBJ
D:\BOMXANHG-Z ~ FILE\GAME SDL2 DEMO\GAME SDL2 DEMO\DEBUG\STATICTHREAT.OBJ
D:\BOMXANHG-Z ~ FILE\GAME SDL2 DEMO\GAME SDL2 DEMO\DEBUG\TEXTOBJECT.OBJ
D:\BOMXANHG-Z ~ FILE\GAME SDL2 DEMO\GAME SDL2 DEMO\DEBUG\AERIALTHREAT.OBJ
D:\BOMXANHG-Z ~ FILE\GAME SDL2 DEMO\GAME SDL2 DEMO\DEBUG\BASEOBJECT.OBJ
D:\BOMXANHG-Z ~ FILE\GAME SDL2 DEMO\GAME SDL2 DEMO\DEBUG\BOSSPOWER.OBJ
D:\BOMXANHG-Z ~ FILE\GAME SDL2 DEMO\GAME SDL2 DEMO\DEBUG\VC110.PDB
D:\BOMXANHG-Z ~ FILE\GAME SDL2 DEMO\DEBUG\HEROREBORN.ILK
D:\BOMXANHG-Z ~ FILE\GAME SDL2 DEMO\DEBUG\HEROREBORN.EXE
D:\BOMXANHG-Z ~ FILE\GAME SDL2 DEMO\DEBUG\HEROREBORN.PDB
D:\BOMXANHG-Z ~ FILE\GAME SDL2 DEMO\GAME SDL2 DEMO\DEBUG\GAME SDL2 DEMO.RES
D:\BomXanhG-Z ~ File\GAME SDL2 DEMO\GAME SDL2 DEMO\Debug\AerialThreat.obj
D:\BomXanhG-Z ~ File\GAME SDL2 DEMO\GAME SDL2 DEMO\Debug\BaseObject.obj
D:\BomXanhG-Z ~ File\GAME SDL2 DEMO\GAME SDL2 DEMO\Debug\BossPower.obj
D:\BomXanhG-Z ~ File\GAME SDL2 DEMO\GAME SDL2 DEMO\Debug\BulletObject.obj
D:\BomXanhG-Z ~ File\GAME SDL2 DEMO\GAME SDL2 DEMO\Debug\ChasingRocket.obj
D:\BomXanhG-Z ~ File\GAME SDL2 DEMO\GAME SDL2 DEMO\Debug\DeathEyeBoss.obj
D:\BomXanhG-Z ~ File\GAME SDL2 DEMO\GAME SDL2 DEMO\Debug\DestructionTankBoss.obj
D:\BomXanhG-Z ~ File\GAME SDL2 DEMO\GAME SDL2 DEMO\Debug\DinoThreat.obj
D:\BomXanhG-Z ~ File\GAME SDL2 DEMO\GAME SDL2 DEMO\Debug\EffectObject.obj
D:\BomXanhG-Z ~ File\GAME SDL2 DEMO\GAME SDL2 DEMO\Debug\FireRain.obj
D:\BomXanhG-Z ~ File\GAME SDL2 DEMO\GAME SDL2 DEMO\Debug\FunctionFile.obj
D:\BomXanhG-Z ~ File\GAME SDL2 DEMO\GAME SDL2 DEMO\Debug\GameMap.obj
D:\BomXanhG-Z ~ File\GAME SDL2 DEMO\GAME SDL2 DEMO\Debug\Geomitric.obj
D:\BomXanhG-Z ~ File\GAME SDL2 DEMO\GAME SDL2 DEMO\Debug\GuardThreat.obj
D:\BomXanhG-Z ~ File\GAME SDL2 DEMO\GAME SDL2 DEMO\Debug\ImpTimer.obj
D:\BomXanhG-Z ~ File\GAME SDL2 DEMO\GAME SDL2 DEMO\Debug\main.obj
D:\BomXanhG-Z ~ File\GAME SDL2 DEMO\GAME SDL2 DEMO\Debug\MenuObject.obj
D:\BomXanhG-Z ~ File\GAME SDL2 DEMO\GAME SDL2 DEMO\Debug\PlayerObject.obj
D:\BomXanhG-Z ~ File\GAME SDL2 DEMO\GAME SDL2 DEMO\Debug\PlayerPower.obj
D:\BomXanhG-Z ~ File\GAME SDL2 DEMO\GAME SDL2 DEMO\Debug\RocketWardenBoss.obj
D:\BomXanhG-Z ~ File\GAME SDL2 DEMO\GAME SDL2 DEMO\Debug\RockTitanBoss.obj
D:\BomXanhG-Z ~ File\GAME SDL2 DEMO\GAME SDL2 DEMO\Debug\StaticThreat.obj
D:\BomXanhG-Z ~ File\GAME SDL2 DEMO\GAME SDL2 DEMO\Debug\TextObject.obj
D:\BomXanhG-Z ~ File\GAME SDL2 DEMO\GAME SDL2 DEMO\Debug\cl.command.1.tlog
D:\BomXanhG-Z ~ File\GAME SDL2 DEMO\GAME SDL2 DEMO\Debug\CL.read.1.tlog
D:\BomXanhG-Z ~ File\GAME SDL2 DEMO\GAME SDL2 DEMO\Debug\CL.write.1.tlog
D:\BomXanhG-Z ~ File\GAME SDL2 DEMO\GAME SDL2 DEMO\Debug\link-cvtres.read.1.tlog
D:\BomXanhG-Z ~ File\GAME SDL2 DEMO\GAME SDL2 DEMO\Debug\link-cvtres.write.1.tlog
D:\BomXanhG-Z ~ File\GAME SDL2 DEMO\GAME SDL2 DEMO\Debug\link-rc.read.1.tlog
D:\BomXanhG-Z ~ File\GAME SDL2 DEMO\GAME SDL2 DEMO\Debug\link-rc.write.1.tlog
D:\BomXanhG-Z ~ File\GAME SDL2 DEMO\GAME SDL2 DEMO\Debug\link.command.1.tlog
D:\BomXanhG-Z ~ File\GAME SDL2 DEMO\GAME SDL2 DEMO\Debug\link.read.1.tlog
D:\BomXanhG-Z ~ File\GAME SDL2 DEMO\GAME SDL2 DEMO\Debug\link.write.1.tlog
D:\BomXanhG-Z ~ File\GAME SDL2 DEMO\GAME SDL2 DEMO\Debug\rc.command.1.tlog
D:\BomXanhG-Z ~ File\GAME SDL2 DEMO\GAME SDL2 DEMO\Debug\rc.read.1.tlog
D:\BomXanhG-Z ~ File\GAME SDL2 DEMO\GAME SDL2 DEMO\Debug\rc.write.1.tlog
D:\BomXanhG-Z ~ File\GAME SDL2 DEMO\GAME SDL2 DEMO\Debug\GAME SDL2 DEMO.res
D:\BomXanhG-Z ~ File\GAME SDL2 DEMO\GAME SDL2 DEMO\Debug\vc110.idb
D:\BomXanhG-Z ~ File\GAME SDL2 DEMO\GAME SDL2 DEMO\Debug\vc110.pdb
D:\BomXanhG-Z ~ File\GAME SDL2 DEMO\Debug\HeroReborn.pdb
D:\BomXanhG-Z ~ File\GAME SDL2 DEMO\Debug\HeroReborn.exe
D:\BomXanhG-Z ~ File\GAME SDL2 DEMO\Debug\HeroReborn.ilk
