D:\BOMXANHG-Z ~ FILE\GAME SDL2 DEMO\GAME SDL2 DEMO\RELEASE\ROCKETWARDENBOSS.OBJ
D:\BOMXANHG-Z ~ FILE\GAME SDL2 DEMO\GAME SDL2 DEMO\RELEASE\FIRERAIN.OBJ
D:\BOMXANHG-Z ~ FILE\GAME SDL2 DEMO\GAME SDL2 DEMO\RELEASE\PLAYERPOWER.OBJ
D:\BOMXANHG-Z ~ FILE\GAME SDL2 DEMO\GAME SDL2 DEMO\RELEASE\MENUOBJECT.OBJ
D:\BOMXANHG-Z ~ FILE\GAME SDL2 DEMO\GAME SDL2 DEMO\RELEASE\PLAYEROBJECT.OBJ
D:\BOMXANHG-Z ~ FILE\GAME SDL2 DEMO\GAME SDL2 DEMO\RELEASE\MAIN.OBJ
D:\BOMXANHG-Z ~ FILE\GAME SDL2 DEMO\GAME SDL2 DEMO\RELEASE\IMPTIMER.OBJ
D:\BOMXANHG-Z ~ FILE\GAME SDL2 DEMO\GAME SDL2 DEMO\RELEASE\GUARDTHREAT.OBJ
D:\BOMXANHG-Z ~ FILE\GAME SDL2 DEMO\GAME SDL2 DEMO\RELEASE\GEOMITRIC.OBJ
D:\BOMXANHG-Z ~ FILE\GAME SDL2 DEMO\GAME SDL2 DEMO\RELEASE\GAMEMAP.OBJ
D:\BOMXANHG-Z ~ FILE\GAME SDL2 DEMO\GAME SDL2 DEMO\RELEASE\FUNCTIONFILE.OBJ
D:\BOMXANHG-Z ~ FILE\GAME SDL2 DEMO\GAME SDL2 DEMO\RELEASE\EFFECTOBJECT.OBJ
D:\BOMXANHG-Z ~ FILE\GAME SDL2 DEMO\GAME SDL2 DEMO\RELEASE\DINOTHREAT.OBJ
D:\BOMXANHG-Z ~ FILE\GAME SDL2 DEMO\GAME SDL2 DEMO\RELEASE\DESTRUCTIONTANKBOSS.OBJ
D:\BOMXANHG-Z ~ FILE\GAME SDL2 DEMO\GAME SDL2 DEMO\RELEASE\DEATHEYEBOSS.OBJ
D:\BOMXANHG-Z ~ FILE\GAME SDL2 DEMO\GAME SDL2 DEMO\RELEASE\CHASINGROCKET.OBJ
D:\BOMXANHG-Z ~ FILE\GAME SDL2 DEMO\GAME SDL2 DEMO\RELEASE\BULLETOBJECT.OBJ
D:\BOMXANHG-Z ~ FILE\GAME SDL2 DEMO\GAME SDL2 DEMO\RELEASE\BOSSPOWER.OBJ
D:\BOMXANHG-Z ~ FILE\GAME SDL2 DEMO\GAME SDL2 DEMO\RELEASE\BASEOBJECT.OBJ
D:\BOMXANHG-Z ~ FILE\GAME SDL2 DEMO\GAME SDL2 DEMO\RELEASE\AERIALTHREAT.OBJ
D:\BOMXANHG-Z ~ FILE\GAME SDL2 DEMO\GAME SDL2 DEMO\RELEASE\TEXTOBJECT.OBJ
D:\BOMXANHG-Z ~ FILE\GAME SDL2 DEMO\GAME SDL2 DEMO\RELEASE\STATICTHREAT.OBJ
D:\BOMXANHG-Z ~ FILE\GAME SDL2 DEMO\GAME SDL2 DEMO\RELEASE\ROCKTITANBOSS.OBJ
D:\BOMXANHG-Z ~ FILE\GAME SDL2 DEMO\GAME SDL2 DEMO\RELEASE\VC110.PDB
D:\BOMXANHG-Z ~ FILE\GAME SDL2 DEMO\RELEASE\HEROREBORN.EXE
D:\BOMXANHG-Z ~ FILE\GAME SDL2 DEMO\RELEASE\HEROREBORN.PDB
D:\BOMXANHG-Z ~ FILE\GAME SDL2 DEMO\GAME SDL2 DEMO\RELEASE\GAME SDL2 DEMO.RES
D:\BomXanhG-Z_File\GAME SDL2 DEMO\GAME SDL2 DEMO\Release\AerialThreat.obj
D:\BomXanhG-Z_File\GAME SDL2 DEMO\GAME SDL2 DEMO\Release\BaseObject.obj
D:\BomXanhG-Z_File\GAME SDL2 DEMO\GAME SDL2 DEMO\Release\BossPower.obj
D:\BomXanhG-Z_File\GAME SDL2 DEMO\GAME SDL2 DEMO\Release\BulletObject.obj
D:\BomXanhG-Z_File\GAME SDL2 DEMO\GAME SDL2 DEMO\Release\ChasingRocket.obj
D:\BomXanhG-Z_File\GAME SDL2 DEMO\GAME SDL2 DEMO\Release\DeathEyeBoss.obj
D:\BomXanhG-Z_File\GAME SDL2 DEMO\GAME SDL2 DEMO\Release\DestructionTankBoss.obj
D:\BomXanhG-Z_File\GAME SDL2 DEMO\GAME SDL2 DEMO\Release\DinoThreat.obj
D:\BomXanhG-Z_File\GAME SDL2 DEMO\GAME SDL2 DEMO\Release\EffectObject.obj
D:\BomXanhG-Z_File\GAME SDL2 DEMO\GAME SDL2 DEMO\Release\FireRain.obj
D:\BomXanhG-Z_File\GAME SDL2 DEMO\GAME SDL2 DEMO\Release\FunctionFile.obj
D:\BomXanhG-Z_File\GAME SDL2 DEMO\GAME SDL2 DEMO\Release\GameMap.obj
D:\BomXanhG-Z_File\GAME SDL2 DEMO\GAME SDL2 DEMO\Release\Geomitric.obj
D:\BomXanhG-Z_File\GAME SDL2 DEMO\GAME SDL2 DEMO\Release\GuardThreat.obj
D:\BomXanhG-Z_File\GAME SDL2 DEMO\GAME SDL2 DEMO\Release\ImpTimer.obj
D:\BomXanhG-Z_File\GAME SDL2 DEMO\GAME SDL2 DEMO\Release\main.obj
D:\BomXanhG-Z_File\GAME SDL2 DEMO\GAME SDL2 DEMO\Release\MenuObject.obj
D:\BomXanhG-Z_File\GAME SDL2 DEMO\GAME SDL2 DEMO\Release\PlayerObject.obj
D:\BomXanhG-Z_File\GAME SDL2 DEMO\GAME SDL2 DEMO\Release\PlayerPower.obj
D:\BomXanhG-Z_File\GAME SDL2 DEMO\GAME SDL2 DEMO\Release\RocketWardenBoss.obj
D:\BomXanhG-Z_File\GAME SDL2 DEMO\GAME SDL2 DEMO\Release\RockTitanBoss.obj
D:\BomXanhG-Z_File\GAME SDL2 DEMO\GAME SDL2 DEMO\Release\StaticThreat.obj
D:\BomXanhG-Z_File\GAME SDL2 DEMO\GAME SDL2 DEMO\Release\TextObject.obj
D:\BomXanhG-Z_File\GAME SDL2 DEMO\GAME SDL2 DEMO\Release\cl.command.1.tlog
D:\BomXanhG-Z_File\GAME SDL2 DEMO\GAME SDL2 DEMO\Release\CL.read.1.tlog
D:\BomXanhG-Z_File\GAME SDL2 DEMO\GAME SDL2 DEMO\Release\CL.write.1.tlog
D:\BomXanhG-Z_File\GAME SDL2 DEMO\GAME SDL2 DEMO\Release\link-cvtres.read.1.tlog
D:\BomXanhG-Z_File\GAME SDL2 DEMO\GAME SDL2 DEMO\Release\link-cvtres.write.1.tlog
D:\BomXanhG-Z_File\GAME SDL2 DEMO\GAME SDL2 DEMO\Release\link-rc.read.1.tlog
D:\BomXanhG-Z_File\GAME SDL2 DEMO\GAME SDL2 DEMO\Release\link-rc.write.1.tlog
D:\BomXanhG-Z_File\GAME SDL2 DEMO\GAME SDL2 DEMO\Release\link.command.1.tlog
D:\BomXanhG-Z_File\GAME SDL2 DEMO\GAME SDL2 DEMO\Release\link.read.1.tlog
D:\BomXanhG-Z_File\GAME SDL2 DEMO\GAME SDL2 DEMO\Release\link.read.2.tlog
D:\BomXanhG-Z_File\GAME SDL2 DEMO\GAME SDL2 DEMO\Release\link.write.1.tlog
D:\BomXanhG-Z_File\GAME SDL2 DEMO\GAME SDL2 DEMO\Release\rc.command.1.tlog
D:\BomXanhG-Z_File\GAME SDL2 DEMO\GAME SDL2 DEMO\Release\rc.read.1.tlog
D:\BomXanhG-Z_File\GAME SDL2 DEMO\GAME SDL2 DEMO\Release\rc.write.1.tlog
D:\BomXanhG-Z_File\GAME SDL2 DEMO\GAME SDL2 DEMO\Release\GAME SDL2 DEMO.res
D:\BomXanhG-Z_File\GAME SDL2 DEMO\GAME SDL2 DEMO\Release\vc110.pdb
D:\BomXanhG-Z_File\GAME SDL2 DEMO\Release\HeroReborn.pdb
D:\BomXanhG-Z_File\GAME SDL2 DEMO\Release\HeroReborn.exe
